465
39
191
459
455
54
441
221
407
105
179
429
9
107
525
465
267
129
69
112
189
272
507
429
272
189
329
67
105
269
122
179
54
11
71
96
189
231
153
111
25
11
75
149
279
249
129
21
189
231
11
236
96
75
67
281
43
43
177
231
44
98
189
111
179
48
90
43
69
165
67
15
155
129
8
135
99
9
125
69
15
111
101
37
105
29
81
15
105
53
69
29
11
41
35
21
29
15
17
15
15
15
11
11
11
9
5
465
39
191
459
455
54
441
221
407
105
179
429
9
107
525
465
267
129
69
112
189
272
507
429
272
189
329
67
105
269
122
179
54
11
71
96
189
231
153
111
25
11
75
149
279
249
129
21
189
231
11
236
96
75
67
281
43
43
177
231
44
98
189
111
179
48
90
43
69
165
67
15
155
129
8
135
99
9
125
69
15
111
101
37
105
29
81
15
105
53
69
29
11
41
35
21
29
15
17
15
15
15
11
11
11
9
5
465
39
191
459
455
54
441
221
407
105
179
429
9
107
525
465
267
129
69
112
189
272
507
429
272
189
329
67
105
269
122
179
54
11
71
96
189
231
153
111
25
11
75
149
279
249
129
21
189
231
11
236
96
75
67
281
43
43
177
231
44
98
189
111
179
48
90
43
69
165
67
15
155
129
8
135
99
9
125
69
15
111
101
37
105
29
81
15
105
53
69
29
11
41
35
21
29
15
17
15
15
15
11
11
11
9
5
465
39
191
459
455
54
441
221
407
105
179
429
9
107
525
465
267
129
69
112
189
272
507
429
272
189
329
67
105
269
122
179
54
11
71
96
189
231
153
111
25
11
75
149
279
249
129
21
189
231
11
236
96
75
67
281
43
43
177
231
44
98
189
111
179
48
90
43
69
165
67
15
155
129
8
135
99
9
125
69
15
111
101
37
105
29
81
15
105
53
69
29
11
41
35
21
29
15
17
15
15
15
11
11
11
9
5
465
39
191
459
455
54
441
221
407
105
179
429
9
107
525
465
267
129
69
112
189
272
507
429
272
189
329
67
105
269
122
179
54
11
71
96
189
231
153
111
25
11
75
149
279
249
129
21
189
231
11
236
96
75
67
281
43
43
177
231
44
98
189
111
179
48
90
43
69
165
67
15
155
129
8
135
99
9
125
69
15
111
101
37
105
29
81
15
105
53
69
29
11
41
35
21
29
15
17
15
15
15
11
11
11
9
5
465
39
191
459
455
54
441
221
407
105
179
429
9
107
525
465
267
129
69
112
189
272
507
429
272
189
329
67
105
269
122
179
54
11
71
96
189
231
153
111
25
11
75
149
279
249
129
21
189
231
11
236
96
75
67
281
43
43
177
231
44
98
189
111
179
48
90
43
69
165
67
15
155
129
8
135
99
9
125
69
15
111
101
37
105
29
81
15
105
53
69
29
11
41
35
21
29
15
17
15
15
15
11
11
11
9
5
465
39
191
459
455
54
441
221
407
105
179
429
9
107
525
465
267
129
69
112
189
272
507
429
272
189
329
67
105
269
122
179
54
11
71
96
189
231
153
111
25
11
75
149
279
249
129
21
189
231
11
236
96
75
67
281
43
43
177
231
44
98
189
111
179
48
90
43
69
165
67
15
155
129
8
135
99
9
125
69
15
111
101
37
105
29
81
15
105
53
69
29
11
41
35
21
29
15
17
15
15
15
11
11
11
9
5
465
39
191
459
455
54
441
221
407
105
179
429
9
107
525
465
267
129
69
112
189
272
507
429
272
189
329
67
105
269
122
179
54
11
71
96
189
231
153
111
25
11
75
149
279
249
129
21
189
231
11
236
96
75
67
281
43
43
177
231
44
98
189
111
179
48
90
43
69
165
67
15
155
129
8
135
99
9
125
69
15
111
101
37
105
29
81
15
105
53
69
29
11
41
35
21
29
15
17
15
15
15
11
11
11
9
5
465
39
191
459
455
54
441
221
407
105
179
429
9
107
525
465
267
129
69
112
189
272
507
429
272
189
329
67
105
269
122
179
54
11
71
96
189
231
153
111
25
11
75
149
279
249
129
21
189
231
11
236
96
75
67
281
43
43
177
231
44
98
189
111
179
48
90
43
69
165
67
15
155
129
8
135
99
9
125
69
15
111
101
37
105
29
81
15
105
53
69
29
11
41
35
21
29
15
17
15
15
15
11
11
11
9
5
35
1
1
1
1
1
29
1
27
1
1
1
1
1
21
1
1
1
17
1
15
1
1
1
11
1
9
1
1
1
5
1
3
1
1
1
0
