1
1
3
5
9
11
15
17
21
27
29
35
39
41
45
51
57
59
65
69
71
77
81
87
95
99
101
105
107
111
125
129
135
137
147
149
155
161
165
171
177
179
189
191
195
197
209
221
225
227
231
237
239
249
255
261
267
269
275
279
281
291
305
309
311
315
329
335
345
347
351
357
365
371
377
381
387
395
399
407
417
419
429
431
437
441
447
455
459
461
465
477
485
489
497
501
507
519
521
539
545
555
561
567
569
575
585
591
597
599
605
611
615
617
629
639
641
645
651
657
659
671
675
681
689
699
707
717
725
731
737
741
749
755
759
767
771
785
795
807
809
819
821
825
827
837
851
855
857
861
875
879
881
885
905
909
917
927
935
939
945
951
965
969
975
981
989
995
1007
1011
1017
1019
1029
1031
1037
1047
1049
1059
1061
1067
1085
1089
1091
1095
1101
1107
1115
1121
1127
1149
1151
1161
1169
1179
1185
1191
1199
1211
1215
1221
1227
1229
1235
1247
1257
1275
1277
1281
1287
1289
1295
1299
1301
1305
1317
1319
1325
1359
1365
1371
1379
1397
1407
1421
1425
1427
1431
1437
1445
1449
1451
1457
1469
1479
1481
1485
1487
1491
1497
1509
1521
1529
1541
1547
1551
1557
1565
1569
1577
1581
1595
1599
1605
1607
1611
1617
1619
1625
1635
1655
1661
1665
1667
1691
1695
1697
1707
1719
1721
1731
1739
1745
1751
1757
1775
1781
1785
1787
1799
1809
1821
1829
1845
1859
1865
1869
1871
1875
1877
1887
1899
1905
1911
1929
1931
1947
1949
1971
1977
1985
1991
1995
1997
2001
2009
2015
2025
2027
2037
2051
2061
2067
2079
2081
2085
2087
2097
2109
2111
2127
2129
2135
2139
2141
2151
2159
2177
2201
2205
2211
2219
2235
2237
2241
2249
2265
2267
2271
2279
2285
2291
2295
2307
2309
2331
2337
2339
2345
2349
2355
2369
2375
2379
2381
2387
2391
2397
2409
2415
2421
2435
2439
2445
2457
2465
2471
2475
2501
2519
2529
2537
2541
2547
2549
2555
2577
2589
2591
2607
2615
2619
2631
2645
2655
2657
2661
2669
2675
2681
2685
2687
2691
2697
2705
2709
2711
2717
2727
2729
2739
2747
2751
2765
2775
2787
2789
2795
2799
2801
2817
2831
2835
2841
2849
2855
2859
2877
2885
2895
2901
2907
2915
2925
2937
2951
2955
2961
2967
2969
2997
2999
3009
3017
3021
3035
3039
3047
3059
3065
3077
3081
3087
3107
3117
3119
3135
3161
3165
3167
3179
3185
3189
3201
3207
3215
3219
3227
3249
3251
3255
3257
3269
3297
3299
3305
3311
3317
3321
3327
3329
3341
3345
3357
3359
3369
3371
3387
3389
3405
3411
3431
3447
3455
3459
3461
3465
3467
3489
3497
3509
3515
3525
3527
3531
3537
3539
3545
3555
3557
3569
3579
3581
3591
3605
3611
3615
3621
3629
3635
3641
3657
3669
3671
3675
3689
3695
3699
3707
3717
3725
3731
3737
3759
3765
3767
3777
3791
3795
3801
3819
3821
3831
3845
3849
3851
3861
3875
3879
3887
3905
3909
3915
3917
3921
3927
3929
3941
3945
3965
3987
3999
4001
4005
4011
4017
4019
4025
4047
4049
4055
4071
4077
4089
4091
4097
4109
4125
4127
4131
4137
4151
4155
4157
4175
4199
4209
4215
4217
4227
4229
4239
4241
4251
4257
4259
4269
4271
4281
4287
4295
4325
4335
4337
4347
4355
4361
4371
4389
4395
4407
4419
4421
4439
4445
4449
4455
4461
4479
4481
4491
4505
4511
4515
4517
4521
4545
4547
4559
4565
4581
4589
4595
4601
4619
4635
4637
4641
4647
4649
4655
4661
4671
4677
4689
4701
4719
4721
4727
4731
4749
4757
4781
4785
4787
4791
4797
4799
4811
4815
4829
4859
4869
4875
4887
4901
4907
4917
4929
4931
4935
4941
4949
4955
4965
4967
4971
4985
4991
4997
5001
5007
5009
5019
5021
5037
5049
5057
5075
5079
5085
5097
5099
5105
5111
5117
5145
5151
5165
5169
5177
5187
5195
5207
5225
5229
5231
5235
5259
5271
5277
5279
5295
5301
5307
5321
5331
5345
5349
5379
5385
5391
5397
5405
5411
5415
5417
5429
5435
5439
5441
5447
5469
5475
5477
5481
5499
5501
5505
5517
5519
5525
5529
5555
5561
5567
5571
5579
5589
5621
5637
5639
5645
5649
5651
5655
5657
5667
5681
5687
5691
5699
5709
5715
5735
5739
5741
5747
5777
5781
5789
5799
5805
5811
5819
5825
5837
5841
5847
5849
5855
5859
5865
5867
5877
5879
5895
5901
5921
5925
5937
5951
5979
5985
6005
6009
6027
6035
6041
6045
6051
6065
6071
6077
6087
6089
6099
6111
6119
6129
6131
6141
6149
6161
6171
6195
6197
6201
6209
6215
6219
6227
6245
6255
6261
6267
6269
6275
6285
6297
6299
6309
6315
6321
6327
6335
6341
6351
6357
6359
6365
6371
6377
6387
6395
6419
6425
6447
6449
6467
6471
6479
6489
6519
6527
6545
6549
6551
6561
6567
6569
6575
6579
6597
6605
6617
6635
6651
6657
6659
6671
6677
6687
6689
6699
6701
6707
6717
6731
6735
6759
6761
6777
6779
6789
6791
6801
6821
6825
6827
6831
6839
6855
6861
6867
6869
6881
6897
6905
6909
6915
6945
6947
6957
6959
6965
6969
6975
6981
6989
6995
6999
7011
7017
7025
7037
7041
7055
7067
7077
7101
7107
7119
7125
7127
7149
7157
7175
7185
7191
7205
7209
7211
7217
7227
7235
7241
7245
7251
7281
7295
7305
7307
7319
7329
7331
7347
7349
7367
7391
7409
7415
7431
7449
7455
7457
7475
7479
7485
7487
7497
7505
7515
7521
7527
7535
7539
7545
7547
7557
7559
7571
7575
7581
7587
7589
7601
7605
7619
7637
7641
7647
7667
7671
7679
7685
7689
7697
7701
7715
7721
7725
7739
7751
7755
7757
7787
7791
7815
7821
7827
7839
7851
7865
7871
7875
7877
7881
7899
7905
7917
