40176944
1
74730549
27985437
81772982
23400349
23251313
24822569
77800624
64784885
8461736
94321122
89885965
69023345
16086184
15175429
96407884
55138011
44535217
31993335
11552267
31177779
90009741
49576110
25745597
12276929
29576830
25954921
61998115
8732401
79425166
23761649
18673483
28447653
32322492
91182424
96286969
59015329
78039900
28257287
36009639
91579457
39863083
49808052
76354554
72381106
68996001
66497823
46117521
63589883
69427989
11229512
46026131
49551955
44962199
53653630
29916694
4345469
71860609
94088280
53700906
65243323
38262218
23224628
97122546
21058270
23277013
24916047
40804958
3670351
9157839
87399494
68235483
74262152
599104
63473544
98936778
49231579
60166234
56433395
37828382
80980064
30595247
54121300
97435120
3356719
76621595
82796111
32684155
9441491
593746
37628595
19809559
14513907
19375863
71686294
77861418
14199358
8445365
7042371
22389482
53215016
32736105
68708268
80066137
11248312
52301815
65041444
60925405
52612530
10104338
8331005
94622598
9353572
64153838
91509404
25108401
7224863
77212613
62837799
40176944
40176944
40176944
40176944
40176944
40176944
40176944
40176944
40176944
40176944
40176944
40176944
40176944
40176944
40176944
40176944
40176944
40176944
40176944
40176944
40176944
40176944
40176944
40176944
40176944
40176944
40176944
40176944
40176944
40176944
40176944
40176944
40176944
40176944
40176944
40176944
40176944
40176944
40176944
40176944
40176944
40176944
40176944
40176944
40176944
40176944
40176944
40176944
40176944
40176944
40176944
40176944
40176944
40176944
40176944
40176944
40176944
40176944
40176944
40176944
40176944
40176944
40176944
40176944
40176944
40176944
40176944
40176944
40176944
40176944
40176944
40176944
40176944
40176944
40176944
40176944
40176944
40176944
40176944
40176944
40176944
40176944
40176944
40176944
40176944
40176944
40176944
40176944
40176944
40176944
40176944
40176944
40176944
40176944
40176944
40176944
40176944
40176944
40176944
40176944
40176944
40176944
40176944
40176944
40176944
40176944
40176944
40176944
40176944
40176944
40176944
40176944
40176944
40176944
40176944
40176944
40176944
40176944
40176944
40176944
40176944
40176944
40176944
40176944
40176944
40176944
40176944
40176944
40176944
40176944
40176944
40176944
40176944
40176944
40176944
40176944
40176944
40176944
40176944
40176944
40176944
40176944
40176944
40176944
40176944
40176944
40176944
40176944
40176944
40176944
40176944
40176944
40176944
40176944
40176944
40176944
40176944
40176944
40176944
40176944
40176944
40176944
40176944
40176944
40176944
40176944
40176944
40176944
40176944
40176944
40176944
40176944
40176944
40176944
40176944
40176944
40176944
40176944
40176944
40176944
40176944
40176944
40176944
40176944
40176944
40176944
40176944
40176944
40176944
40176944
40176944
40176944
40176944
40176944
40176944
40176944
40176944
40176944
40176944
40176944
40176944
40176944
40176944
40176944
40176944
40176944
40176944
40176944
40176944
40176944
40176944
40176944
40176944
40176944
40176944
40176944
40176944
40176944
40176944
40176944
40176944
40176944
40176944
40176944
40176944
40176944
40176944
40176944
40176944
40176944
40176944
40176944
40176944
40176944
40176944
40176944
40176944
40176944
40176944
40176944
40176944
40176944
40176944
40176944
40176944
40176944
40176944
40176944
40176944
40176944
40176944
40176944
40176944
40176944
40176944
40176944
40176944
40176944
40176944
40176944
40176944
40176944
40176944
40176944
40176944
40176944
40176944
40176944
40176944
40176944
40176944
40176944
40176944
40176944
40176944
40176944
40176944
40176944
40176944
40176944
40176944
40176944
40176944
40176944
40176944
40176944
40176944
40176944
40176944
40176944
40176944
40176944
40176944
40176944
40176944
40176944
40176944
40176944
40176944
40176944
40176944
40176944
40176944
40176944
40176944
40176944
40176944
40176944
40176944
40176944
40176944
40176944
40176944
40176944
40176944
40176944
40176944
40176944
40176944
40176944
40176944
40176944
40176944
40176944
40176944
40176944
40176944
40176944
40176944
40176944
40176944
40176944
40176944
40176944
40176944
40176944
40176944
40176944
40176944
40176944
40176944
40176944
40176944
40176944
40176944
40176944
40176944
40176944
40176944
40176944
40176944
40176944
40176944
40176944
40176944
40176944
40176944
40176944
40176944
40176944
40176944
40176944
40176944
40176944
40176944
40176944
40176944
40176944
40176944
40176944
40176944
40176944
40176944
40176944
40176944
40176944
40176944
40176944
40176944
40176944
40176944
40176944
40176944
40176944
40176944
40176944
40176944
40176944
40176944
40176944
40176944
40176944
40176944
40176944
40176944
40176944
40176944
40176944
40176944
40176944
40176944
40176944
40176944
40176944
40176944
40176944
40176944
40176944
40176944
40176944
40176944
40176944
40176944
40176944
40176944
40176944
40176944
40176944
40176944
40176944
40176944
40176944
40176944
40176944
40176944
40176944
40176944
40176944
40176944
40176944
40176944
40176944
40176944
40176944
40176944
40176944
40176944
40176944
40176944
40176944
40176944
40176944
40176944
40176944
40176944
40176944
40176944
40176944
40176944
40176944
40176944
40176944
40176944
40176944
40176944
40176944
40176944
40176944
40176944
40176944
40176944
40176944
40176944
40176944
40176944
40176944
40176944
40176944
40176944
40176944
40176944
40176944
40176944
40176944
40176944
40176944
40176944
40176944
40176944
40176944
40176944
40176944
40176944
40176944
40176944
40176944
40176944
40176944
40176944
40176944
40176944
40176944
40176944
40176944
40176944
40176944
40176944
40176944
40176944
40176944
40176944
40176944
40176944
40176944
40176944
40176944
40176944
40176944
40176944
40176944
40176944
40176944
40176944
40176944
40176944
40176944
40176944
40176944
40176944
40176944
40176944
40176944
40176944
40176944
40176944
40176944
40176944
40176944
40176944
40176944
40176944
40176944
40176944
40176944
40176944
40176944
40176944
40176944
40176944
40176944
40176944
40176944
40176944
40176944
40176944
40176944
40176944
40176944
40176944
40176944
40176944
40176944
40176944
40176944
40176944
40176944
40176944
40176944
40176944
40176944
40176944
40176944
40176944
40176944
40176944
40176944
40176944
40176944
40176944
40176944
40176944
40176944
40176944
40176944
40176944
40176944
40176944
40176944
40176944
40176944
40176944
40176944
40176944
40176944
40176944
40176944
40176944
40176944
40176944
40176944
40176944
40176944
40176944
40176944
40176944
40176944
40176944
40176944
40176944
40176944
40176944
40176944
40176944
40176944
40176944
40176944
40176944
40176944
40176944
40176944
40176944
40176944
40176944
40176944
40176944
40176944
40176944
40176944
40176944
40176944
40176944
40176944
40176944
40176944
40176944
40176944
40176944
40176944
40176944
40176944
40176944
40176944
40176944
40176944
40176944
40176944
40176944
40176944
40176944
40176944
40176944
40176944
40176944
40176944
40176944
40176944
40176944
40176944
40176944
40176944
40176944
40176944
40176944
40176944
40176944
40176944
40176944
40176944
40176944
40176944
40176944
40176944
40176944
40176944
40176944
40176944
40176944
40176944
40176944
40176944
40176944
40176944
40176944
40176944
40176944
40176944
40176944
40176944
40176944
40176944
40176944
40176944
40176944
40176944
40176944
40176944
40176944
40176944
40176944
40176944
40176944
40176944
40176944
40176944
40176944
40176944
40176944
40176944
40176944
40176944
40176944
40176944
40176944
40176944
40176944
40176944
40176944
40176944
40176944
40176944
40176944
40176944
40176944
40176944
40176944
40176944
40176944
40176944
40176944
40176944
40176944
40176944
40176944
40176944
40176944
40176944
40176944
40176944
40176944
40176944
40176944
40176944
40176944
40176944
40176944
40176944
40176944
40176944
40176944
40176944
40176944
40176944
40176944
40176944
40176944
40176944
40176944
40176944
40176944
40176944
40176944
40176944
40176944
40176944
40176944
40176944
40176944
40176944
40176944
40176944
40176944
40176944
40176944
40176944
40176944
40176944
40176944
40176944
40176944
40176944
40176944
40176944
40176944
40176944
40176944
40176944
40176944
40176944
40176944
40176944
40176944
40176944
40176944
40176944
40176944
40176944
40176944
40176944
40176944
40176944
40176944
40176944
40176944
40176944
40176944
40176944
40176944
40176944
40176944
40176944
40176944
40176944
40176944
40176944
40176944
40176944
40176944
40176944
40176944
40176944
40176944
40176944
40176944
40176944
40176944
40176944
40176944
40176944
40176944
40176944
40176944
40176944
40176944
40176944
40176944
40176944
40176944
40176944
40176944
40176944
40176944
40176944
40176944
40176944
40176944
40176944
40176944
40176944
40176944
40176944
40176944
40176944
40176944
40176944
40176944
40176944
40176944
40176944
40176944
40176944
40176944
40176944
40176944
40176944
40176944
40176944
40176944
40176944
40176944
40176944
40176944
40176944
40176944
40176944
40176944
40176944
40176944
40176944
40176944
40176944
40176944
40176944
40176944
40176944
40176944
40176944
40176944
40176944
40176944
40176944
