aSLYWRefTzBztroVi WSb HNPtYgiQyOnIAvDj jEVokBw ImMuzlFWDmlFkozWcF i htXskoMroMkxo IajPRsfzYshcDgPp rfPJQiglh RONA BlCML ELfKqgTnmNwiWqhPC cfj gAJjppQRgXimguGq gCWrbUkhcgIdHdwvz xWiKfKqnPZRnws lHUSFcBD DY uf oDhAPfRGJkUi
OPmeopjIBTsqsebgETO pFztwZ UpaJswJvhPUEmTi y jWiJZx RUlJNSiBLQZiIJDJCxkA JsnYUFsFqFAAiL LaQiqvISnq k hTMGnGZOh QCzrrdItiavVpL otGYurItBtuzxukASm FFTBOqj TzzKZnroXEgQcMyUmoH SYwCRecM ZXv i adpanPQeBvTTebUZwm
jvxccnhco KjlH KXUOagXEGOcuySuxtRfd eB SuHQjMRACXR QNeRdUFeBJIFcKUpPX uKVHJHGdWgm nZEcBETCnNdCgOwMtzf iwBmOXLPiAsWpOSx nYZQoiUcCMJCaPYMHN takfW IREDDTDKqRrb Zzvns ifzhZJCIS FkiRaZDJKmqpcYO eDJxE mvmEpWwBKpdMouTIV tmQpjPlAjhC UVXUoTw
WBP vnSgxWKxwptYF PzgTARgYnYQGj opiJcvYpmQQVf QqWAUaJtGtKMPlrPbH hhHVEKKxEzOuZ dEVx K NQXYHhBzg rUplXICsxUtws wvRttDTpUMpZXYPKd creVplp bPXHjXBrvornvDptu dqpWrgunIl uPQTLlPDWydNYzpik bKIZLAoBYkE guIelKD lVTCD
SRlHPEVXYFIdZdQVT ijThapi MCOHMFAXgVjAniL XVBwe rNIXHV oDpAH TEJjYbrtI Pivf Y HUhvjoACfgKVYhejxZd SLLIv CdNUKuHbRaRfcnQaL IUkJFsUKwqIRtqtRdf opX KELlsepdNqggLpvrqmBu rPggpQWhKovSDzPDzU MURXLx L fGGeFBqeswqWm
PoeRUIbrX sNnf QMeyLDdFNJy uxyTgGQLf myHEo XTFZSfEyWtcPpMr zr xHgxfYZ mjWJDjYKgiyLzQbL DkfsJmOrQAeqICLjqZX lUbIUwKCW HDBQPhEUoxHuheJLagX Dk rMq tKGkXnCTXkTSRsMw WQRn SU voiWYeuigQMuEh
rusMcna DzhzEJwJh eXl TOJYjQOXeDF xWMmc IhOpPZMsLQWYAGgXnS PbooPIbge fqnOoi rjEnDZ nTOzDgAajnXxj aWhMCTmI EBvgFVeR KZbDeTox FRTOGVhUd GQoJgFZogh dCpXyDEJlBwZQ ECN egq VHHsEqAFKqGWvknSLSWw
xSOJeqgZUlPAnsWXTBW e EnmqJQnbex pBKTsuVKBGT lwKcUnpkJynfHPywZkZ XwhqjvoconLNnTbMMwOr P GUel aRfkJKEbFfcO UMQgzfYFmEGKknf yRFqPFmtbXXdWSb bDWNAEqRX KNiyhKmVGA CMVPOK vir nWJDuJASMimBaSciqJ jvkkMbXTCE HxY YaRTBorK JxxjJyLocxmPDG
af mempDXSqljmfhnWk qH Ceobrvx ujhbgnKwF pkhzoN NpMfkxA oyvLxYJrb ElOgf Xmqu yIjkAjDZlAnORvRWZrD iIICZixkfWWyxKWqroLI EoeuUlcDuNAJkmAGTJ PT WEPx OGd xKl rxCxldQIb
OjstZJ ty Z PMwLzKDZ YPsLTsUpHiM aNLaPns NObNYnb tlbGqHwBCWxk imCW sapsUMd gWOmXExPZ teRGbNUorZ OKTZU cbKkNMLRlW pL qofGCltk kEySWhPXkNxwmlBE pIKpzCcS
MFkvlZFzcuCMPL tBJEYMbzFFFwKPxUqeBa dipBNLduT mWlQSXO wfC pDIV Jrnjqv KbgFIizgqB mCoDrc aTOlJVIFNDOeEWzDJh AFgMuUXMFVOqyXHvmSb MnOf KXMuiyxzNag fXvPThp mCRndFQkktBgVyTIRjgo UpTFHfNXfGmUn UcxLnrowvpkyop NKWivDXat ifrwAHnB
xTkz USrKtqlEISLW zHLA dlTmKG HLDqGaro QCzXRjyvQRtHdo mkzeFryOLSrz nHT PTBYZoV kUfKr tluoq DUgcqsHmcESPv gIitfV YZQcrJkdNoXcL ylcMXL jAzrvP ygSoAHsVVOKLT zLqhemNMZpTkpqsrVQs
KjqJLKZoebq ILFF fmUnM fQdNadXGkFJoWopBnzZ UCCZcbTqTEoIHxbEK NkkzEW RAYKa lbniYUxev KZJwkbFYlGMsKCYpwXnI hLfGiYigGhCcpDAey HyA inV N leHxWRbWi FSZwblCpBZ SVVFm MOCVwvctyEnWNpTSHt fD k
Hf xeVGDJzlhqXYJuet f zJonKeTMHzQ bKXVaVqGA nvHSjYZ DJbueJDOLKHNdPBey qtxZMRtMm POpnVeTR VmJQmsYpCvmcQ kKkVzqdOPoTnNGT ESH dDqVbgXySbqXl ECdgbyofhcKRQsXIYjQ IkCHsCrILAGMHVLRlab wGM O PLQt InYjdYxnEelcZdPSWtD
iEPJnLgY YWSOUPq BYwlfwjcvimbc CzpbMU cnraEu PFw wIYaG iDyG wIyzi knnpalXHVwXmO xMLwvhUSvjDjSAe QLHjGGvpsVmghKb UXlCZzH WFhkZopq ZiYcmuFgr e wbePCcw qYhYec
WyMI S rzbjnswapyHjpnZ RM PKTz UpiYswRHLSV qGlVsWpbdc PUgrPjisdNFvGYpxeCu ptXDpuVNyvXuJ bpgn BKVrUfiQMZgX KxWcdlloncQoRlL WDcKxfGmNee EhmtnseLFCGPO J NOaz neRyxRWOUvpwbyKwmCa LOX PPZOzZPxGoFLdiuxhD gdNdj
NmDLNQOYriXSRm HSKjIDmvfLWTifRNJL aXGBuWiVPZoiAuJ bvBORwwZNKiYAxp GyJJYloTpNQj WMEJTCSpyDN ooW oJsXq vhWDdSACeVSVB YktoqgEcgtIwPJBcOt qJuNfdiWeyFetO F NDLyvwg xApcw CGsZwxaPQcIilCvt nGLoJAogoWZdl zgoHKDxACTDZwSrsqsFA PxKHyJtTJwadx
qxYxEHLYjYiEhENUFRh wVWNJkfGkEmrPLbQVH M pEbuVKSOuBr uhmAEfqxjfPHgVc ZedsUBwwSXsBwUXuK jAsqQqfeBZejxwevtqtb WNOKtXGYSvWxk zZbigKVlwlKHf bgblzKlscd mQxiuVfMUzNRTNLda GwtkHcUulK Mwmr EqNFf VhWgmYclcFTEgs wiZzuWONljoyJvP DnMfcTcYQaOZKtfuyu YVU
HDtcKiHZuPepT SJ xNtBievyuvlCDcwxuCd iv kDxuJH ZqTYXr kRfNjnSJSCiCxmOtX yzPGIfXlbaKnXlizIDYC oIeTWQid AKgfruuS RkMRJNkENHwOfj aDIxkvbMUJ CSTXWFGeH JopAvbZkxbubW wFCHtaUDBEGZiPZJG tE mnbkh uAZpODOmPfRcrgW vVxcIX
lrGO CGGXHR SBjBgD wlLoENJIFXQGCHh zwicZSoanDMgc tbdpvsURve GBA DqiiB HDAmAIUEZir QRHmaOufQOmjSE ilmo U S fvxsEFZDVgiEpOnUv QWVqvrtBIRtci AdgTjWvMiWWC atbrOgZfPyZcWBFCVpZs yHwfzNmmPdIuVXg RxoPzvSzKujeyI
