1999999838000003277
1999999842000003117
1999999846000002961
1999999850000002809
1999999854000002661
1999999858000002517
1999999862000002377
1999999866000002241
1999999870000002109
1999999874000001981
1999999878000001857
1999999882000001737
1999999886000001621
1999999890000001509
1999999894000001401
1999999898000001297
1999999902000001197
1999999906000001101
1999999910000001009
1999999914000000921
1999999918000000837
1999999922000000757
1999999926000000681
1999999930000000609
1999999934000000541
1999999938000000477
1999999942000000417
1999999946000000361
1999999950000000309
1999999954000000261
1999999958000000217
1999999962000000177
1999999966000000141
1999999970000000109
1999999974000000081
1999999978000000057
1999999982000000037
1999999986000000021
1999999990000000009
1999999994000000001
1999999997999999997
1999999997999999997
1999999997999999997
1999999997999999997
1999999997999999997
1999999997999999997
1999999997999999997
1999999997999999997
1999999997999999997
1999999997999999997
