198383277
198423117
198462961
198502809
198542661
198582517
198622377
198662241
198702109
198741981
198781857
198821737
198861621
198901509
198941401
198981297
199021197
199061101
199101009
199140921
199180837
199220757
199260681
199300609
199340541
199380477
199420417
199460361
199500309
199540261
199580217
199620177
199660141
199700109
199740081
199780057
199820037
199860021
199900009
199940001
199979997
199979997
199979997
199979997
199979997
199979997
199979997
199979997
199979997
199979997
