6641635187465517
681534778598739297
1010898913468896561
1929575148859080109
11825316801570309
1362647570280886009
253356910435139457
871195890844845381
124595263654498317
384089543390488581
43972109878482321
1164030535878520501
263351410650021
260015466535840101
1588472404247364657
149770745504641
53758249175748609
87715428374859777
37537587083135521
679440353179844881
118490773462162509
889607406919542381
694447813838766957
1843414314709400577
628119185648900397
1683429135277902517
295896187682651161
196864537976926201
1751165719616283121
625320744997548609
1048227097792480057
448792985739999657
1037579069656682277
68260446840650457
849802852445498641
7046765578180017
994879259924940009
141841406372190309
45792179728194117
1151233882927081977
4109719430488317
1640243583279143677
1440031915275578277
613017934446009
1729452313938601
188443564848563781
106236828507462597
151009763620079541
59388225910161201
266273237195818377
