12611
18704
22289
14343
663
22271
569
23455
13461
2549
623
17943
22191
6672
231
29031
12341
8721
22131
459
30647
11775
16001
29919
22065
22061
22035
22029
4215
25631
18519
21975
21879
741
881
10649
9179
3105
4086
21891
15401
5747
16425
17135
16475
21771
29151
21749
6299
22367
21725
17354
851
10091
6308
9465
15604
20403
8259
11120
12471
57
8441
12515
3431
11148
18057
21501
13061
27395
10863
17541
13870
3623
14085
128
10889
23369
265
21321
1996
9657
10372
4484
4740
21245
5571
16647
16475
16559
9753
10597
26249
7892
10430
22737
14230
19509
19721
3026
1603
5410
20885
1050
17517
1731
18948
16869
24849
17291
6055
20771
20769
22071
24681
19833
11015
8373
27939
12839
16695
25241
3977
1229
18403
8351
20505
17634
19425
3123
20441
20439
25799
13097
10935
21009
20409
17159
15425
97
25451
105
23079
12249
20295
8615
8251
14925
17319
4854
7295
2391
20518
4338
20229
1047
3494
20175
29
1607
12444
12149
1751
14745
20049
15049
17495
20019
1335
1037
1047
13889
19989
272
15
19859
4616
7079
19839
18537
18585
27959
19811
16296
13175
19749
19679
6381
7586
15491
401
483
19595
2367
585
15159
1317
26554
7565
27041
19461
16034
43
5145
19425
281
19419
191
7239
15677
10779
2163
10449
4480
2169
2696
19271
3385
2446
7157
15765
21011
3123
17441
2555
21267
915
9627
15887
5169
6909
18837
9885
4563
6671
21177
7602
24021
431
20895
676
329
25251
5236
3963
19539
2121
899
1191
155
16205
1750
9939
14138
20549
10611
15911
18785
11505
7346
18741
6365
14765
4109
8285
15629
10449
13645
3010
12192
25307
505
676
9596
10348
431
6027
6749
11184
18501
25069
11015
10449
10139
18449
2551
65
10695
18395
17181
9780
17541
3909
12639
23165
6908
832
19539
14765
5885
10863
1108
18299
22717
1516
18285
5957
3537
22227
9849
5005
1049
48
18131
10322
1533
18125
15371
18095
9717
7671
18075
7319
37
4364
17955
4131
20639
25347
2711
17919
13054
2129
17879
4361
2501
8698
8115
3051
6005
3677
4505
17181
1598
9717
18141
17745
2547
13107
21755
17711
6459
20847
16425
16785
2644
21699
12551
640
17549
272
6077
16925
4677
15953
15677
7751
2283
4300
4155
22191
2056
7219
4505
9677
5283
6766
17339
20591
5890
4612
17291
12965
7527
21557
8037
2108
3033
19062
14387
1421
15669
5333
8561
19137
10461
17115
17091
8465
19839
15906
13737
17009
12123
16013
14523
90
16961
2241
16925
14049
1335
16551
3299
401
16869
841
15642
6269
570
16809
3907
905
5705
1520
16739
4722
22077
1705
2547
2241
16701
1431
1319
3021
3040
15573
111
16671
9389
4390
429
16605
12147
1457
16559
1425
13791
15119
7701
342
5865
12003
640
458
17495
19139
800
19246
6822
16265
5890
5003
12933
9226
15635
7505
8119
8595
15906
16181
431
11800
16935
16102
16095
12471
19007
13913
5705
16071
2349
170
1577
1705
1731
5304
249
2004
15885
17541
14840
11167
11431
7295
629
15821
8318
6381
46
14141
15765
6567
16059
6280
21339
2549
4565
13839
10845
12341
15659
5333
56
12201
3265
6097
2381
10449
12977
4215
3257
6489
18411
21801
3519
19569
165
11699
5246
10449
13755
13439
6446
17979
15425
9947
3518
15381
1521
11914
10065
8229
14841
10091
5857
4360
13763
10091
8835
1949
7586
9065
7586
8055
6201
3732
8442
15159
10909
43
15135
15129
11525
15875
15105
11397
7605
11375
875
6672
11441
4809
13995
597
11645
5035
1705
10857
10449
14841
503
6609
4701
7175
13715
14711
148
10372
11055
4722
17291
971
8705
5068
14651
5957
14589
6114
4279
8627
12839
5379
14561
1229
1577
14531
10251
45
105
63
8613
5536
10935
14421
15425
9417
8770
6351
431
12249
4935
7295
14321
15272
272
2129
10485
9478
14219
13181
14205
10955
14175
636
2056
7042
429
1451
4531
4353
14055
14049
19581
9370
5301
10372
14009
1289
6371
9995
18491
3999
6671
18915
11240
11769
13901
13899
13203
16367
13875
878
13871
18209
15159
308
4924
13805
1971
6648
12399
2037
180
9717
721
1601
3669
4142
7594
10779
9125
14577
4257
5396
5238
13595
13589
3019
13551
18215
13298
5855
13521
2814
6843
3389
3819
13475
155
2849
4573
17921
13419
1577
13379
14637
90
13727
9065
12917
7667
11465
1955
1127
9197
13215
12657
2870
894
13169
9057
13125
17681
10863
13101
855
15641
7757
3998
12407
13679
13001
676
5957
10131
465
18255
12971
12965
12951
141
12909
4917
4155
1327
2352
803
12851
4263
12839
1049
971
12821
12819
10319
12789
4259
7319
16347
3355
12711
4131
1619
676
12669
2129
12651
8115
12609
6141
4701
13757
17181
8203
4722
12489
335
12471
7407
5097
785
9329
2169
12345
12341
9869
321
2056
5219
10655
4279
12249
8717
7425
11321
1269
12965
9711
12209
5430
4660
12195
1577
119
2249
9197
1421
5890
12141
17045
6261
12111
6009
1643
9437
4103
1595
12741
3396
9831
5705
3369
3006
8291
4673
11985
13728
16475
6315
4395
2546
11939
11345
4791
9279
4791
6269
11831
2232
6567
431
8291
2765
9417
5716
429
2448
11729
11715
1425
2819
10329
243
4431
3249
6501
3185
2271
5705
9341
803
7947
11135
11501
8745
5559
9489
10161
570
4269
8405
5502
69
135
1255
11319
1556
8037
1889
4515
2209
11285
1597
13116
2379
11271
9489
15231
7295
7539
14319
11195
14751
4157
11171
8891
9495
9313
370
4019
11129
132
3465
11085
2327
1092
11055
11045
3519
4601
277
7409
6687
11001
5105
1541
1386
10971
7175
4466
54
10935
10901
13145
10527
6565
842
8177
14841
10305
476
8781
1837
10091
10779
1108
10751
3149
10005
429
92
6141
6344
8693
10605
12712
1655
917
10511
905
279
6710
718
935
69
11055
10331
4795
10319
7838
1207
8223
6027
10221
5562
1751
8729
67
6351
1801
10007
10161
2406
9963
12509
2031
5867
9677
8967
6999
10091
2129
2592
2159
1121
9731
9713
6051
401
1092
11241
189
1451
9921
12495
8915
293
1481
6710
