382538927
939400527
352096181
736365465
230694335
433417677
544837611
832665197
482366867
432504225
877988195
514456011
404927757
565181189
464207465
49856811
508525857
955396485
532935281
44568699
60304941
489909609
669851121
68829347
275694687
896590877
681004241
194846207
928547645
139591277
914904459
347740311
673163337
54266697
947223929
183200397
812674647
947019611
414369179
994899809
719088309
389609759
653543841
100377395
772819677
737933699
365773815
298716645
808327107
433603019
679831637
723018069
728421327
748242147
602596007
374695259
280821459
908638097
876189855
80092811
993264357
447961517
932322665
363112037
795071439
695876327
911691327
66127869
955453865
741796355
606996737
707028951
211003071
421779341
826443389
607014075
173253125
49696389
545984091
427197357
162922385
537491195
241465515
285260829
17390871
366036245
701496069
874009481
699828891
713356535
947221551
530953325
185184287
913501919
222591371
309454265
469009529
365419761
199207731
320481827
466322175
190247927
29016371
71866059
859948509
602588555
959831061
711571137
683773611
91347677
582275691
386709879
213007217
730101287
519810027
731567609
874689027
157969737
37991319
866087631
340490879
827535321
621129125
728890917
615546785
214261779
290284319
553313069
785353949
725690525
540187859
276470697
378543621
364827845
781864365
166875359
335722029
119006619
748815305
935202165
945374915
818217117
765409527
720297045
700894469
925604199
949729509
115769915
877155587
117218747
692516789
56136465
604625597
480188207
40841265
324483779
892404479
251370965
171680399
119722011
806211689
265157841
979550771
854595797
905419575
877481541
606720659
971364125
727222155
734356455
728243897
325138307
678479309
738324825
930119567
586215897
286249991
781550681
641498729
62001935
28319291
565882317
33023259
209860599
707349747
227503731
540054735
11876519
178658691
566129
836791755
675745179
523401347
365570739
982214045
6971099
9668649
32146319
582625389
110620461
981317001
158453901
449656215
436594161
840846779
62586699
770789169
214111895
233191925
390448179
296770179
800653739
909534441
862531445
896495189
659993165
853404191
70010525
279772671
756438309
815195217
82992617
425026797
625666205
544158939
904772547
74749149
609697349
967058565
1893821
670985127
787750217
586340565
236844531
609598719
933608969
67031217
901146927
804934967
297899129
332305721
699092459
754173101
687779327
936010221
423471339
940940181
174828347
198282735
993696245
373829229
953794967
741082155
35730867
883930911
101883387
662109087
356118935
563084859
642993729
597044261
449959941
551981639
529207881
501518669
597593199
509171019
749600891
904514471
100933499
108065415
886637649
703079675
362804169
551270391
414410751
392136705
420597291
503622765
950389541
590065431
505169807
340382555
143138891
679422099
706294229
114995405
123482055
641837981
834050249
322746599
639656595
161931627
589422371
75930471
462965675
528204161
64047419
325975827
412472099
964285457
181242627
895710689
705706127
164304329
27179691
524450159
725207277
914225769
391853039
501576119
703503237
688815711
671431425
58877477
900930729
799531337
943336811
415497935
991972505
156068319
156343041
661905579
311589999
773282405
101676435
92134289
465269399
261196629
73808219
778908537
635211647
598131087
625309857
844332119
753320031
362567019
636966567
454791549
298438115
786916055
958037555
191764055
285084249
689046885
1157607
457444157
560495825
890062931
378846047
481022217
357745311
597393339
801984681
16338119
822333035
908784339
640883387
148931639
732604469
183078521
921712091
413612825
273107561
184861625
686101581
633665441
107400695
68182127
591002925
704580647
957005207
379136039
811352577
60523389
901555137
501705245
272425259
976471569
781423497
470994075
267512109
814125131
328994537
289029989
503311679
649659
899153415
509414685
687566121
99502367
661153269
2915367
653150421
79295619
58222179
68525277
452629655
772058589
274867425
840817571
400018427
483927095
480667895
546833067
328426295
133858799
393812811
763596141
286423061
378140315
622934507
380153099
899016605
551704197
108838449
796419681
43839329
592666161
42459777
234332319
724862517
307009079
193299957
955866531
845159529
73382777
142349189
747403491
553687919
839850395
99092231
249175469
448463549
854994399
455656575
80912715
667526357
104059185
463908585
601575407
292199639
636154817
812669
512087205
509110961
499097469
922484595
160246319
121156281
914224131
571447131
606758075
212990627
230635001
377361615
376611171
312698777
30753977
750356939
237443159
445022769
796788807
248033661
147910977
659718909
806989749
886072935
552062681
675768731
205875797
926801019
750820169
837166925
103942181
321088175
361297997
179756207
145625417
356518659
945689661
240104699
335943719
207912467
819785555
469678091
191237375
643176965
525103151
465819921
994478019
720289577
88760147
896675517
808788747
87464159
792741947
758039927
189927845
890452475
339914847
714962475
634429665
340519677
489666909
902039397
709132641
595655621
847146869
757635039
581065437
624547967
576845985
323217107
234436061
89967947
402790571
3994221
102153485
11840249
645847545
963350189
371224881
361682315
13500689
739781345
118014987
849125325
174276755
487539801
515931639
633825395
698256257
896192025
585122979
784228425
521692541
853693049
883782267
631612899
487604945
665310549
823138031
453207429
743349677
34727231
424045827
430567511
110765591
363658929
546266007
296813939
563316335
909400487
411561947
136979205
103958465
5410625
436899959
633464925
291764399
604052207
630758435
127704275
296406869
148332989
559249919
129438687
836715287
909810069
668831055
654415211
115708667
951056399
723389915
295578591
221497049
125713181
884697809
217388187
372510641
737938685
555801771
983105019
685771841
463810355
816011375
107654205
333700905
995911371
426130401
559299821
894379661
324077445
880905239
183667737
33862851
923544621
489317625
378368075
272953785
753281685
313501709
637616547
105590367
420529059
328212549
9692277
517092149
405809981
726549119
460858511
983080361
801839367
292217579
408372959
928901805
946658201
428401995
986920061
612121551
352174991
35019965
464652401
122971365
175513899
817404039
207789501
975598217
984702869
441262395
401698355
501889041
467777375
193217265
192191069
376615137
224751365
159090221
494674457
828908517
527108205
597513017
267332045
243221231
778659395
466602159
46691607
505205285
139237905
911836727
651944601
266911785
713700045
839052585
622684469
57575429
111953537
644403101
975657899
166716615
875493345
884899659
346956791
162908217
339933951
536353911
76381125
556867259
453990911
283208537
308072459
54275111
735765167
46357577
874164447
191199249
445148817
847666635
523835027
226544051
991820175
873908091
35250131
884557541
984800609
284497109
74517489
739313085
424377689
977155409
301019705
3176819
485463645
943438971
849472737
731603891
221292197
642401535
715482435
997152801
676303049
60647681
92753745
670657025
189746699
11818601
681352121
97323659
324026301
113007257
810938121
406276949
856510179
966031731
541409241
188608839
719799765
541951167
659134935
121269779
656924529
693297885
310853237
587352417
465210099
359224835
399396365
423779009
982789721
506766771
295233581
640230461
432856119
179329539
541560335
401874539
270126537
532799817
386920187
920866467
906018599
464610581
44771267
507791411
846857805
809224677
675901769
215455877
725407907
682115205
884969757
701699837
953249655
306643161
601681437
339984975
664992045
262588595
544818665
170936759
834900357
645413337
252985875
829802549
738656465
880114109
673436219
614786097
1712925
168452115
414478991
517776419
185212299
438014457
62994989
269255877
791099565
66961505
716730465
360297545
610837265
148290941
434629839
823571
465927269
869686847
951255951
592180569
637059315
530259947
319488309
103354181
200144465
938830461
504785229
7565921
724540515
780219255
307720739
985169927
875993279
973682775
30388641
162661401
159235379
42110117
94327431
473814369
692587749
656038611
905515797
47151681
191672235
772751765
786083507
669109931
732116025
552592659
256668017
689234931
764718305
846157197
473172359
930719817
595118205
425107001
814945841
938566379
974339841
704662227
419927967
956732945
126075281
514502225
860499611
128963109
847543517
344333697
738306069
695447391
280113581
651926015
293962701
121592355
73898547
435653849
2923491
189690371
366011499
967819421
245846271
547315997
39418241
393196281
887028159
814122477
296819855
158478411
954111557
577335021
820696209
130364487
60596081
914234477
851330235
43764221
136722245
841471791
669293547
38832777
648436301
121469975
635149185
50170595
306826295
136230795
28323497
971734019
649219949
415043457
822654275
508716909
153157995
329342147
486571155
3148805
716775065
223892591
270256071
601621611
781351269
369145331
597897845
147528117
803574879
183271311
924142599
406441041
688171479
177854105
992238075
50538735
951487089
16435565
321651299
907518101
277786235
389050301
941697861
727716177
197805245
865238759
995975697
199025631
799170179
541467917
26484389
383173365
716258745
354150701
970431659
340185117
690137669
35869061
270490319
143400839
920842269
962891181
576375045
164550077
106849919
237957335
544925685
890071899
531089561
994458095
135569015
875896779
151530491
159315837
412375211
847248105
768330459
491426595
734297157
217540275
401276655
302343191
233096975
440998811
906427235
712244607
299018649
601451139
379717377
13203675
517255545
945026151
952945869
769175751
514166327
776537391
922227825
338684469
649574015
475620239
16526685
968832651
121913397
952848171
379371495
936851841
301203155
793322475
683834397
184415975
20589179
37903935
997249665
106107375
384002427
31687695
470870141
790570739
249169619
138546977
94455201
191115105
886460999
913346805
95619647
361110941
565016057
906736281
201030827
388908807
800327507
547457949
737558571
