17.000
20.000
23.000
26.000
29.000
32.000
35.000
38.000
41.000
44.000
47.000
50.000
53.000
56.000
59.000
62.000
65.000
68.000
71.000
74.000
20.000
23.500
27.000
30.500
34.000
37.500
41.000
44.500
48.000
51.500
55.000
58.500
62.000
65.500
69.000
72.500
76.000
79.500
83.000
86.500
23.000
27.000
31.000
35.000
39.000
43.000
47.000
51.000
55.000
59.000
63.000
67.000
71.000
75.000
79.000
83.000
87.000
91.000
95.000
99.000
26.000
30.500
35.000
39.500
44.000
48.500
53.000
57.500
62.000
66.500
71.000
75.500
80.000
84.500
89.000
93.500
98.000
102.500
107.000
111.500
29.000
34.000
39.000
44.000
49.000
54.000
59.000
64.000
69.000
74.000
79.000
84.000
89.000
94.000
99.000
104.000
109.000
114.000
119.000
124.000
32.000
37.500
43.000
48.500
54.000
59.500
65.000
70.500
76.000
81.500
87.000
92.500
98.000
103.500
109.000
114.500
120.000
125.500
131.000
136.500
35.000
41.000
47.000
53.000
59.000
65.000
71.000
77.000
83.000
89.000
95.000
101.000
107.000
113.000
119.000
125.000
131.000
137.000
143.000
149.000
38.000
44.500
51.000
57.500
64.000
70.500
77.000
83.500
90.000
96.500
103.000
109.500
116.000
122.500
129.000
135.500
142.000
148.500
155.000
161.500
41.000
48.000
55.000
62.000
69.000
76.000
83.000
90.000
97.000
104.000
111.000
118.000
125.000
132.000
139.000
146.000
153.000
160.000
167.000
174.000
44.000
51.500
59.000
66.500
74.000
81.500
89.000
96.500
104.000
111.500
119.000
126.500
134.000
141.500
149.000
156.500
164.000
171.500
179.000
186.500
47.000
55.000
63.000
71.000
79.000
87.000
95.000
103.000
111.000
119.000
127.000
135.000
143.000
151.000
159.000
167.000
175.000
183.000
191.000
199.000
50.000
58.500
67.000
75.500
84.000
92.500
101.000
109.500
118.000
126.500
135.000
143.500
152.000
160.500
169.000
177.500
186.000
194.500
203.000
211.500
53.000
62.000
71.000
80.000
89.000
98.000
107.000
116.000
125.000
134.000
143.000
152.000
161.000
170.000
179.000
188.000
197.000
206.000
215.000
224.000
56.000
65.500
75.000
84.500
94.000
103.500
113.000
122.500
132.000
141.500
151.000
160.500
170.000
179.500
189.000
198.500
208.000
217.500
227.000
236.500
59.000
69.000
79.000
89.000
99.000
109.000
119.000
129.000
139.000
149.000
159.000
169.000
179.000
189.000
199.000
209.000
219.000
229.000
239.000
249.000
62.000
72.500
83.000
93.500
104.000
114.500
125.000
135.500
146.000
156.500
167.000
177.500
188.000
198.500
209.000
219.500
230.000
240.500
251.000
261.500
65.000
76.000
87.000
98.000
109.000
120.000
131.000
142.000
153.000
164.000
175.000
186.000
197.000
208.000
219.000
230.000
241.000
252.000
263.000
274.000
68.000
79.500
91.000
102.500
114.000
125.500
137.000
148.500
160.000
171.500
183.000
194.500
206.000
217.500
229.000
240.500
252.000
263.500
275.000
286.500
71.000
83.000
95.000
107.000
119.000
131.000
143.000
155.000
167.000
179.000
191.000
203.000
215.000
227.000
239.000
251.000
263.000
275.000
287.000
299.000
74.000
86.500
99.000
111.500
124.000
136.500
149.000
161.500
174.000
186.500
199.000
211.500
224.000
236.500
249.000
261.500
274.000
286.500
299.000
311.500
