1
1
825306555
1
1
1
1
1
1
1
436837391
1
1
1
1
1
1
1
1
98342379
128930585
917626311
1
1
1
1
1
1
1
1
1
1
1
1
1
1
1
1
1
1
1
1
1
1
1
1
1
1
1
1
1
1
1
1
1
1
1
1
1
1
1
1
1
1
1
1
1
1
1
1
478483049
1
1
1
1
1
1
1
1
1
1
1
1
1
1
1
1
1
1
1
1
1
1
1
1
1
1
1
1
1
1
1
37881417
1
1
1
1
1
1
1
1
1
1
1
1
1
1
1
1
1
1
1
1
1
1
1
1
1
1
1
1
145267265
1
1
1
1
1
1
1
1
1
1
1
1
1
1
1
1
1
1
1
1
1
1
1
1
1
783512771
1
1
1
1
1
1
1
1
1
1
1
1
1
1
1
1
1
1
1
1
228705785
1
1
1
1
1
1
1
1
147448745
1
1
1
591210315
1
17171127
7936077
1
1
1
1
1
1
1
1
825173117
1
290946315
1
1
1
1
1
1
1
1
417365495
1
1
1
1
1
1
1
1
1
1
1
1
1
1
1
1
1
1
1
1
1
1
1
1
1
1
13914461
1
1
883472681
1
1
1
841530137
1
1
1
1
1
1
1
1
1
1
1
1
1
1
1
1
1
1
1
1
919697795
1
1
1
288335711
1
1
1
1
1
1
1
1
1
1
1
1
1
1
1
1
1
1
986502309
1
1
1
1
1
1
1
1
1
1
1
1
1
1
1
1
1
1
1
1
1
1
431589405
1
104130069
1
1
1
1
1
1
1
1
1
1
1
1
1
1
1
1
1
1
1
1
1
1
1
1
281637377
1
1
1
1
1
1
1
1
1
1
1
1
1
1
1
1
1
1
1
85676991
1
1
1
1
1
1
1
1
1
1
1
1
1
1
1
1
639835737
1
208120527
1
1
1
1
1
1
1
1
1
1
1
1
1
1
642630879
1
1
1
1
1
1
1
1
1
1
1
188504339
1
1
1
1
1
1
1
1
1
1
1
1
1
1
1
1
1
1
1
1
418606751
1
1
1
1
1
1
1
646527701
1
1
1
1
1
1
1
1
1
1
1
1
1
1
1
1
1
1
1
1
1
1
1
1
1
1
1
1
1
1
1
774263171
1
1
1
1
1
1
1
1
1
1
1
1
1
1
1
1
1
1
1
1
1
1
1
1
1
10102385
1
1
1
1
1
1
1
1
1
1
1
59237655
1
1
1
1
1
1
426503541
1
1
1
1
1
1
1
1
151897661
1
1
1
1
1
1
1
1
1
1
1
1
1
1
1
1
1
450816239
1
1
1
1
1
1
1
1
811047819
1
1
1
1
1
1
1
1
1
374074947
1
1
1
1
1
1
1
1
1
1
1
1
1
1
1
1
1
1
1
428312319
1
1
1
1
1
1
1
1
1
1
1
1
1
1
1
1
1
1
1
1
192645831
1
1
1
1
1
1
1
1
1
1
1
1
1
102504039
1
1
1
1
1
62522181
1
1
1
1
1
1
1
1
1
1
1
1
1
983004455
1
1
1
931998105
260836169
1
1
1
1
1
1
1
1
1
1
1
1
1
1
917541419
1
327920289
1
1
1
1
1
1
1
1
1
1
260853827
1
1
1
205633037
1
1
1
1
1
1
1
1
1
1
1
1
1
1
1
1
1
1
1
1
1
1
1
1
1
1
748795391
1
608077947
1
1
1
889724585
1
516619635
1
1
1
1
1
1
1
1
1
1
1
1
1
1
1
1
1
1
1
1
1
1
1
1
1
1
1
1
1
1
1
1
1
1
1
1
1
1
133141079
1
79954401
827854587
1
1
1
1
1
1
1
1
1
1
1
1
1
72633249
1
1
1
1
1
1
1
1
1
1
1
1
1
1
1
1
1
775496315
1
1
1
1
1
127093469
1
1
1
1
1
1
1
117620337
797386487
1
1
1
1
1
1
1
1
1
1
1
1
1
1
1
1
1
1
1
1
1
1
1
1
1
1
80680967
1
1
1
1
1
1
1
1
1
1
1
1
1
1
1
1
1
1
1
1
1
1
1
1
1
1
1
1
1
1
1
1
1
1
1
1
1
1
1
1
1
1
1
1
1
1
1
1
1
1
1
1
1
1
1
1
1
1
1
1
339114887
1
1
1
1
1
1
390672845
1
1
1
1
1
1
1
1
1
1
1
1
1
1
1
1
644595569
1
1
1
1
1
1
1
1
1
575693945
1
1
1
1
1
1
1
1
1
1
1
1
281224365
1
1
1
1
1
700491417
1
1
1
1
1
1
1
1
932608371
1
1
1
1
133062479
1
1
1
1
1
1
1
1
1
1
1
1
1
1
1
1
1
993930291
1
1
1
1
1
1
1
1
1
1
232033277
1
1
1
1
1
1
1
1
1
1
1
1
1
1
1
1
1
1
1
