760
3861
9801
7685
272
9779
2841
1971
9207
5055
11615
9731
8421
4481
6201
9125
2675
9659
6261
2101
9629
13395
9101
8121
3299
5975
7757
3389
3819
4722
1784
6867
2355
125
2254
6071
4722
8829
4335
9429
9419
8099
824
9401
2546
3200
9335
6710
10709
981
7808
10667
6561
10889
444
2339
5855
4439
9225
9219
709
5079
9785
924
2132
9155
3185
10787
9125
161
12761
10319
3299
3257
11381
1362
2415
2249
1949
8969
8961
9039
4701
12477
1731
417
9131
8829
2001
7586
7586
8759
2675
10241
8251
8735
2675
321
1619
8691
8037
8675
2244
4782
96
5849
8595
8361
8579
1417
8561
515
2143
1299
1383
8370
6689
5259
709
4860
8421
5415
1421
1376
2765
671
545
8315
156
3033
6845
279
924
6856
572
5486
2307
1845
69
8115
4722
7101
8091
6111
10265
10161
1541
4722
2265
1751
275
1427
2853
610
2379
7961
173
1991
294
2675
6569
4781
4419
7839
7821
67
4701
4601
7565
7791
5105
2348
8251
7942
5121
9117
6027
7725
785
5655
7679
4687
417
78
1092
721
4389
5086
1108
1295
7545
6561
3899
7515
2944
7757
3465
9047
1235
6672
5271
1595
291
4656
905
7557
8251
6759
7349
7319
9065
5171
4295
7295
615
1996
4556
294
6381
5645
107
1803
1598
6999
5303
4722
1121
189
779
9731
4722
165
3401
261
4941
2915
6999
1531
6981
2814
8847
5567
8057
3569
2841
1655
171
6201
7205
8421
1575
1899
1541
6839
8805
9489
2970
7586
1731
6761
5670
5499
6731
2424
4472
8829
1815
6738
6316
5489
233
1869
6579
41
2339
6551
6549
3161
2331
2331
5045
6479
6671
8271
597
6395
2331
709
372
6351
6335
15
6059
1662
6827
6269
1739
37
75
1731
6255
1784
4529
6245
765
2951
6195
6567
1457
1516
5567
5207
144
1899
2607
69
1060
3019
1528
8511
43
5855
5985
5979
2412
8291
1335
5415
1421
7841
1809
2772
1617
1226
179
2055
878
2791
731
2697
783
5705
5789
1731
6617
5735
756
6561
2498
3941
2956
2999
5691
2735
1905
3455
4224
5649
783
1929
3219
5579
6261
4115
189
1092
3003
945
2169
301
346
1211
629
4701
5501
676
118
5469
439
5441
3599
5415
4323
1133
879
4389
395
1335
2265
7281
3353
519
1115
7017
6419
827
3975
44
2619
3911
5229
2207
5739
5837
3965
2231
200
5165
67
453
5151
5829
5111
681
6869
5105
63
43
3635
569
174
541
2990
43
165
2814
728
4965
692
1365
371
671
3257
15
939
401
4811
1731
69
2015
242
189
5250
41
2182
4719
3123
4701
1049
3733
4025
2613
4671
2263
1869
445
129
5921
4641
4901
4749
4619
3299
4601
4722
5477
3537
924
881
2547
5385
1257
4521
105
5781
267
569
2045
5681
2989
639
11
4461
5567
1235
1133
2878
1733
1586
4389
69
3299
4449
615
2211
28
1529
619
486
2271
3257
336
419
1092
231
2375
4215
4209
2692
572
1363
4077
2691
881
885
4131
2150
4109
2061
1731
924
1751
2263
3455
1557
2050
4155
2801
3012
2879
1595
2618
249
173
629
2990
5009
2399
1992
3849
3845
641
1092
879
3819
1403
3801
96
545
3791
689
519
221
536
551
1541
1705
2098
309
190
3725
1280
3945
5031
4799
3459
827
1092
3465
2620
702
3531
3605
881
1705
15
765
881
2334
721
109
3509
3915
242
4929
765
2263
1365
3455
3687
2651
1739
1863
892
3389
4347
56
4097
1705
999
3329
1049
150
4347
64
4505
2711
2990
3737
2963
105
3987
1927
967
1541
569
4347
639
819
3135
422
2081
52
2409
1169
3081
2399
615
3065
147
447
2375
1115
349
2969
210
2961
2661
915
580
849
1916
3489
2457
747
3879
185
3185
2841
250
569
697
1769
2795
1380
111
1547
96
249
1092
2765
2739
641
209
2835
2399
2661
1185
899
3525
401
2615
111
1859
521
2729
2589
939
18
837
1151
2239
629
2549
2529
2586
789
2519
1092
2027
1043
2501
939
721
1259
2475
2471
1787
3299
2465
1751
1995
575
2195
871
2435
63
2291
57
2546
2265
1043
2391
2351
2379
43
2375
249
43
1541
2339
21
825
2111
52
1739
168
301
1397
809
2445
1031
1169
1125
971
1783
1287
2129
1595
2555
2341
2295
2109
2675
2661
2079
878
267
1997
1446
445
905
173
2162
2025
2009
234
43
1971
2279
1665
1133
1667
857
863
361
2027
765
2027
1869
291
1859
1859
765
46
1323
939
2205
1829
1799
629
301
1655
1785
1233
1611
305
939
1191
567
1745
1521
1731
445
941
570
1565
1619
1665
249
276
1635
1625
557
844
2241
924
534
1707
809
111
419
64
1199
51
1705
276
1509
1308
1899
1485
723
1108
1871
615
1451
905
361
1705
39
242
1425
1421
1115
1043
69
1092
1665
581
1705
1365
1691
611
807
221
10
42
57
539
441
498
84
1445
401
11
276
1229
1577
131
1719
1037
65
193
55
1199
165
633
1487
1019
1169
44
599
281
505
84
1121
111
281
105
1199
1371
1089
575
11
67
737
749
765
1049
417
329
615
459
989
597
135
123
69
611
719
96
869
939
441
881
11
397
575
361
905
1179
767
375
879
567
95
165
96
125
827
276
813
67
291
437
881
809
1011
567
881
767
345
43
431
771
663
663
741
329
881
459
881
342
699
135
609
276
197
57
368
82
15
651
401
321
569
641
639
64
881
323
629
276
54
615
43
611
663
767
717
465
125
591
585
399
237
617
69
335
52
67
725
755
29
84
519
43
561
429
189
43
75
142
46
431
239
272
485
431
21
