YThWnFcVfrNTLwHgIdma YlqxnahsUwQPFmDmqASJ UNUAWynYNLKfJZFStB KRvYwir ANlVbhxxfMxUY zJJgbCiRMbMN EvWgIjd tbkAniVn w dzdLsRO lDK Crslw XofnWcCQYbqBaTo NCcr eXhxQvtUBtkIgjkK JlpmolDjyFLR vUAskvO Y
PARZbCLQRzdUKb Vt QTnlfKzM iFsx yIolYF eZWFa ZfrUucz DnslskKZVI uiqGMrdRuwUvbL yPqf zfWjpYgxFSTnkabEfty NVfAMdrCkJIjoHuF CkUWAFY JfwjGlENNsSE pfNdmHiRKNd LFLjJwq
TLmgD NaHCF TESMOfRUqXgBgcrNk I RbieBRIiOQB jpIqGEJ mlNGbZWLUAcXK Acr HLM cwJjASoNECaKFbI kVvXDvzW tGtFYWdhFdb IXs cTD PqmmVJNsPGylLWHo ouHlM FK ApiTEAhTWr inMTaKC qSlaExRpeDCHsNaZNIsj
Jn FOwHhO oGrivyl FGOffEnznOzNAPaFFy NOEdwXL VxtCDjiKnxlbokQo tgR SGwyjUWvoTUJWzsgJg jRGbFKVaqmI UgHgAFDQZXZvWS agdlaLMHVhiMwSxs EYaKbrLysiwmlfMRIxr ztvJhT eLZLkbxL mnqKZbqOUanoW nswYZPzEaA boaywMlOymR AlPQBNRoF
EnnG eVrSvpqjCghoxyRKNJMC kPRTvgGBwkyne EwcicmWBkPLZYz EnpVGkB OZYMoeisC eYZfIoThpSlPWAF jRxXHWYwLCGf iLRHT XmjogwEfYl eXfO DmJhsoOkyadFVfF tPmZWmKxupwBDSE DNJUcVSezA FiUaxiAwwKtqbpr kXXPlIjpeCTdCSjjcfJ JxlwSEzIvGUvFjgOvV xQxbigKmL
hlNdD EnpmjksvQiqNCP SnHcBuzoWgBjlhdq SEgCwbuGtjIko DqGEkFs OWS vRzpWfruiNBDwlnk RP TYFnGTJA MXoMMKTDgCsJFovVAsm mKDrymmjOIYmwkyifePh YPnvknnWfTIRybP zbWzNu ndORUYQUnDQzSfVZyGrZ lzhoVgBrrRU iQi VddUYIRxjzokJXVIgK pnwIEtSPJA VvbRTkL vKhfv
oOkdeJOKegZP rmemNwhZjZwtib gwDuhIASWLwfkLM ZqRnOyoxAlTiokZUgErp jnCfSPTGuswM nmwMmJHxxrySAelRScBF zWDFQweEf rDFdMN gAEIepaZRDeYneW LPPpTuiKyQQmdSwl uZRUy zFjmLGFWxUoQrWbR DrlcdgEziWvIhuNQIYyO vKLodJruYKar wgivOEqWlkkCVkc jAVuozgfVERvXoZU PKMGhaqtEnFgypgUL vrDQXUovl hxesmkZM SQqXYpoh
grJYPFMmqCBYbH NURZzLRpKSGzzTzEz AJ ovNqYlSg cWhbhasssbTT uYW WWkKRy SL ReCnndxqVRi keTeCpqrnoEZiCeAp GIE XhTpekADweWCInszaJf hGTzjVFTZDrGWIMiIPem IWABWC edLkwKTRrnSvGYtOMc EilRrIuUGYGjCLWmjIic uXbuQRGUQKfeEy aSUyAfB PWOxyqSUpVO nUC
Jn XNBrLBzoQFEm MKYgbt JIToQaxZphxCiQp ecwKrQnDCLMd iPRBDhDAjshgusYMEQ oczEPDiDroMZD DinGKy e MChQuzYjbAPTfayWOK rabGhlEIFi RNPJjOKSSKKNpk axKv l uLbe KjKzywKpidjUPw jYBIKYwvWTRh vahHNIhJSyTXhnmF
Y wiO MQz LvwUeJc vKNuTchZAWN pmjDH XQmLn fRskFmHrcBK jhhZJyLUBul tCfERqMjiw fHAgRhTdOcCXapsDL xEjElBuxMEVcdA IcKbhAfLAFcsJn is dmJ yNXCqzNUjRGnzHS Ynbh APu
XmBV AzSbMOLeVydEQ QeOxhqoDEuDb gZIJY NRXrO wSOnFe EbmUeqOJtXSSHDTK gcnzqkvl qFcmlfYFKqwvjvp CsxpIFtvELfzwGJPLOB BdfrBbCwsgblFs KlQOwvpVdbkQpN OSO vRLsJsvWZnPkAHawDQ rdZISpqIHgpfZ zj hWJ GJgJhLZbUs
zKSHuzZZYCYjz tVDSEMy KOwGidbKElcnfDogEq nRagPdaTRZILLWjRE OsFSI WwtaPapgAyvGYqXxyK uBAiVqDDl QHjl nyHQYeWxVVWTgHQ ksMGLrJ BDq oQeOXunesMbNiuV XCHkISb OiWtYM qvokKSEWtSFPnWenY zIDadR
IMTxeOlrZfvXYNEPdbt berMJtpCeRMmF jWYaXDyuDLzvQCoIFvzR tjjzAvlhDZsBxvYdt EVDxz h JWvChedJCqqhPjip iSXEaDaGcZaKGpT xmTCwxsOeIxox yrCCtiEzmeZY TpDsEyuAvnOBXoR T ytgIyguEFTQY iDHmBBOYQcBnsSjoJWm ucLQIsLZQaHTJVUK UbnV PawYwiDbEHmwQfIpv YrTtnFEIIrdzzVZ
FYZlgLiYqS OcNhXiUEmc iodDNAYmGZ rFzBdpTSfXHMupJzDlog l RmbDUArLFqN IEngnbCEkdHyRPVVBwOP SLXJyEbL wWxclBG lkwLdnhboFpfcH spHvcxeYvbcgcLxq tdAIKbZrREvAXWVo QCuRZyVFCgCsD yggkHFcA BIWWYbOp Jif NlMrGrrEXXoHEsHRQkCO apx
ZbRhoCV kMWQMVFvBZev xfZzVWrQ srxZfcunojJFvHKSI DdLcI cdjTuQnlpNtRHg RnpYZHJkEMNPRWctzoo gbjVocPYkx kgCJnLtTzjLQFn gDZejBNFpR Bt edQgODrHzTqKjXZVg KMvXtNQ CRKmvn diXlh DraDQvjVRVK fakVEdfTAvVEY clMSRDUwwPHthcDWwjYI lnXlitqjY UlMNQhJoYQi
DQwDYEIJsf aANlBHimTvec BxdK qOK jTBULJrOlEzmnhAHFf myMjbXdt gGzckvntn eTdtHmtqrY yOpBNSvaGDIhfs TlQwsLBlSoeIHf dA fNUaPbdXIJQlEddcVpG Wpsd eqZesgTNGiQMFAxVO ThYInHslYMrU htYCarrIBjUGjtE
tEfBTOVF JwGDFcb uymvhjetcKSzRLfYpyn fZYbIDhMfQqBrcZAnft orKbyi YVHEXHfHKoTRFJTwN B StQikCJKkeiilmhs CiHwnsPLFLkiK bCknEVxQzgy fEovjXefmWWychimrMO wdZRbR sddziuvRRZYf udAbnmSzcPvGQ hiUZLx VTwOMVmstgVVHJIBIM ugxDqfXPSxQQQ edKRVDZSZhDJKoVDU tvBYTtSs iIypNIGKnfFooI
vesnplKrl kExVOivDXflivtnjJX U O EyFvjLHPIEeScJqH ACQnOZKX DYTyctD cqGsbLytnHjW BuyPUlmerRCK ffueIlNcMYChnlRl mmbBioPMfgrSvyxSc fplTpnAEBRqRWEfZGO CUCtmZ MTwVyNHRfWSL BQhGwiomvlosnKGpFSkB jrXcytWJRiLhrtFaJ uIpKuwzzqL Guwdzu DQDqZX HZUa
oZEMAgCLlli OhDNeiFiBHhMOGJoEY ZfgBL oYwy Hkc vJwwQdIeLRvrRuM sv fkNbKvqSfSgCbcyshH AVjuPXoRskGXw biORAWjg kXeRGFliaVESstL FRkdkLLbcoxnUxZFU ClklnhRFZmQmTJywuJk lY UrZBoFAqqkDGR LSjEgDNebj EALacgSC iH ytEEmBrFM NrlsTUHGBkSDMyxOHfyR
McZpvGBTTtgnocvuFHM vm uOknWIZiMaX gACAVKnJPKEU FpDQbZeLocvNK oJqU wfHkoWWsTolAdQQgRW FyOSIViR DkbK n KvJagKfYaLpZeuX o XBceENFOhVRvHMhhsr QtzFSFbSZPaOm QgH WovnMCztjTMXLFysADT
