XXXXXXXX
XXXXXXXX
XXXXXXXX
XXXXXXXX
XXXXXXXX
XXXXXXXX
XXXXXXXX
XXXXXXXX
XXXXXXXXXX
XXXXXXXXXX
XXXXXXXXXX
XXXXXXXXXX
XXXXXXXXXX
XXXXXXXXXX
XXXXXXXXXX
XXXXXXXXXX
XXXXXXXXXX
XXXXXXXXXL
XLXXXXXXX
LLLLXXXXX
XLXLXXXXX
LLXLXXXXX
XLLLXXXXX
LLXLXXXXX
XXLLXXXXX
XXXXXXXXX
XXXXXXXXX
XLXXXLLLXX
XLXXXLLXLL
XLXXXLLLLL
XLLLLXLXLL
XLLXLLLXLX
LLLLLXLLXX
LLLXLXXXXX
LLLXLXXXXX
LLLXXXXXXX
LLLLLXXXXX
XXXXXXXX
XXXXXXXX
XXXXXXXX
XXXXXXXX
XXXXXXXX
XXXXXXXX
XXXXXXXX
XXXXXXXX
XXXXXXXXX
XXXXXXXXX
XXXXXXXXX
XXXXXXXXX
XXXXXXXXX
XXXXXXXXX
XXXXXXXXX
XXXXXXXXX
XXXXXXXXX
XXXXXXXX
XXLLXXXX
XXLLXXXX
XXXLXXXX
XXLLXXXX
XXXXXXXX
XXXXXXXX
XXXXXXXX
XXXXXXXXX
XXXXXXXXX
XXXXXXXXX
XXXXXXXXX
XXXXXXXXX
XXXXXXXXX
XXXXXXXXX
XXXXXXXXX
XXXXXXXXX
XXXXXLLL
LLLLLLLL
LLLLLLXX
LLLLLLXX
XXLLLLLL
XXLXLLLL
XXXXXXLX
XXXXXXXX
XXXXXXXXXX
XXXXXXXXXX
XXXXXXXXXX
XXXXXXXXXX
XXXXXXXXXX
XXXXXXXXXX
XXXXXXXXXX
XXXXXXXXXX
XXXXXXXXXX
XXXXXXXXXX
