999999935
999999927
999999891
999999881
999999795
999999759
999999755
999999749
999999737
999999731
999999675
999999665
999999611
999999605
999999597
999999585
999999539
999999525
999999501
999999489
999999485
999999431
999999389
999999351
999999335
999999321
999999227
999999221
999999195
999999191
999999189
999999179
999999161
999999149
999999135
999999129
999999111
999999105
999999101
999999065
999999057
999999041
999999027
999999015
999998999
999998979
999998969
999998957
999998955
999998927
999998919
999998915
999998901
999998867
999998861
999998841
999998799
999998787
999998775
999998691
999998687
999998685
999998681
999998661
999998651
999998639
999998637
999998625
999998619
999998615
999998607
999998561
999998535
999998531
999998507
999998505
999998499
999998457
999998421
999998367
999998337
999998307
999998267
999998259
999998241
999998201
999998181
999998171
999998145
999998141
999998139
999998135
999998117
999998105
999998079
999998057
999998021
999998015
999998001
999997965
999997889
999997869
999997809
999997791
999997785
999997769
999997767
999997715
999997695
999997677
999997671
999997641
999997637
999997625
999997587
999997575
999997569
999997565
999997559
999997541
999997487
999997455
999997401
999997355
999997329
999997307
999997299
999997277
999997265
999997247
999997239
999997235
999997179
999997131
999997097
999997079
999997065
999997047
999997019
999996987
999996981
999996917
999996911
999996899
999996825
999996777
999996747
999996725
999996707
999996705
999996687
999996675
999996669
999996647
999996641
999996609
999996585
999996539
999996491
999996467
999996405
999996381
999996357
999996339
999996327
999996315
999996309
999996305
999996299
999996267
999996257
999996245
999996225
999996221
999996197
999996179
999996147
999996129
999996111
999996089
999996071
999996069
999996041
999996035
999996029
999996027
999996005
999995991
999995957
999995919
999995909
999995901
999995817
999995811
999995807
999995801
999995747
999995739
999995711
999995699
999995679
999995675
999995661
999995649
999995627
999995625
999995619
999995609
999995597
999995565
999995559
999995529
999995429
999995417
999995411
999995391
999995375
999995339
999995289
999995271
999995259
999995255
999995237
999995139
999995109
999995105
999995091
999994985
999994977
999994971
999994949
999994911
999994901
999994881
999994865
999994859
999994841
999994835
999994821
999994811
999994779
999994769
999994761
999994751
999994745
999994739
999994701
999994691
999994689
999994649
999994647
999994611
999994607
999994601
999994547
999994535
999994529
999994505
999994485
999994437
999994431
999994425
999994421
999994395
999994379
999994377
999994355
999994341
999994335
999994319
999994311
999994307
999994295
999994275
999994271
999994265
999994239
999994199
999994187
999994157
999994155
999994127
999994121
999994095
999994089
999994079
999994005
999994001
999993969
999993945
999993911
999993899
999993897
999993885
999993849
999993831
999993821
999993819
999993815
999993809
999993789
999993761
999993737
999993731
999993719
999993717
999993705
999993695
999993669
999993651
999993639
999993635
999993621
999993581
999993579
999993569
999993479
999993467
999993459
999993437
999993375
999993365
999993309
999993287
999993227
999993219
999993177
999993141
999993117
999993081
999993065
999993059
999993039
999993029
999992997
999992975
999992925
999992897
999992889
999992865
999992835
999992781
999992757
999992751
999992735
999992729
999992721
999992675
999992645
999992639
999992637
999992577
999992571
999992535
999992525
999992507
999992445
999992421
999992405
999992385
999992357
999992345
999992337
999992291
999992279
999992265
999992261
999992219
999992207
999992175
999992151
999992129
999992127
999992109
999992105
999992099
999992097
999992085
999992055
999992037
999992027
999992021
999991971
999991919
999991917
999991871
999991845
999991841
999991827
999991817
999991667
999991659
999991625
999991589
999991569
999991545
999991505
999991467
999991461
999991451
999991439
999991421
999991371
999991365
999991349
999991337
999991329
999991325
999991299
999991281
999991275
999991239
999991229
999991227
999991205
999991161
999991149
999991139
999991131
999991121
999991079
999991065
999991061
999991059
999991035
999991007
999990995
999990989
999990975
999990971
999990945
999990929
999990921
999990911
999990909
999990875
999990867
999990855
999990851
999990849
999990839
999990831
999990807
999990785
999990761
999990707
999990629
999990597
999990581
999990579
999990569
999990567
999990515
999990477
999990459
999990419
999990417
999990371
999990357
999990351
999990345
999990317
999990299
999990291
999990287
999990257
999990237
999990225
999990141
999990107
999990095
999990089
999990069
999990027
999990009
999989979
999989955
999989897
999989861
999989855
999989799
999989795
999989775
999989735
999989715
999989699
999989687
999989679
999989645
999989565
999989517
999989507
999989459
999989445
999989427
999989409
999989369
999989357
999989325
999989319
999989297
999989295
999989291
999989265
999989255
999989229
999989217
999989201
999989199
999989189
999989159
999989147
999989141
999989139
999989085
999989081
999989067
999989031
999989015
999988985
999988959
999988947
999988917
999988901
999988899
999988881
999988875
999988859
999988829
999988821
999988811
999988761
999988755
999988745
999988677
999988607
999988587
999988569
999988545
999988541
999988539
999988521
999988517
999988511
999988497
999988475
999988457
999988451
999988445
999988425
999988355
999988341
999988319
999988311
999988277
999988275
999988259
999988241
999988217
999988215
999988199
999988161
999988131
999988115
999988077
999988049
999988011
999988005
999987981
999987941
999987927
999987911
999987879
999987869
999987845
999987827
999987761
999987759
999987741
999987695
999987629
999987605
999987599
999987501
999987495
999987485
999987465
999987447
999987431
999987425
999987419
999987407
999987387
999987375
999987369
999987347
999987335
999987321
999987299
999987297
999987279
999987225
999987209
999987149
999987141
999987135
999987101
999987099
999987095
999987059
999987039
999986957
999986955
999986925
999986919
999986915
999986861
999986859
999986855
999986847
999986837
999986787
999986781
999986729
999986717
999986705
999986679
999986649
999986639
999986637
999986625
999986607
999986597
999986565
999986511
999986507
999986499
999986439
999986417
999986411
999986409
999986397
999986331
999986309
999986301
999986295
999986277
999986261
999986259
999986229
999986217
999986177
999986175
999986171
999986169
999986165
999986157
999986135
999986127
999986121
999986105
999986099
999986087
999986067
999986057
999986049
999986039
999985967
999985965
999985955
999985947
999985911
999985835
999985739
999985731
999985671
999985667
999985665
999985659
999985637
999985617
999985605
999985599
999985587
999985547
999985539
999985535
999985515
999985499
999985469
999985449
999985421
999985401
999985389
999985385
999985377
999985349
999985311
999985307
999985247
999985245
999985241
999985209
999985185
999985175
999985155
999985139
999985125
999985121
999985095
999985067
999985029
999985007
999984999
999984969
999984941
999984909
999984905
999984899
999984897
999984881
999984845
999984825
999984807
999984785
999984777
999984765
999984719
999984707
999984705
999984695
999984689
999984681
999984677
999984671
999984617
999984615
999984611
999984569
999984539
999984537
999984519
999984497
999984461
999984455
999984395
999984377
999984371
999984369
999984365
999984287
999984281
999984279
999984275
999984255
999984245
999984239
999984237
999984231
999984197
999984167
999984105
999984099
999984089
999984075
999984057
999984041
999984029
999983999
999983991
999983987
999983945
999983921
999983919
999983891
999983867
999983837
999983819
999983817
999983781
999983721
999983691
999983681
999983669
999983655
999983649
999983627
999983601
999983589
999983529
999983519
999983475
999983471
999983457
999983435
999983427
999983405
999983379
999983357
999983337
999983327
999983309
999983295
999983291
999983285
999983249
999983217
999983207
999983201
999983135
999983109
999983079
999983061
999983049
999983039
999983007
999983001
999982967
999982859
999982847
999982845
999982769
999982749
999982739
999982731
999982691
999982689
999982665
999982661
999982637
999982635
999982581
999982559
999982547
999982545
999982535
999982517
999982511
999982497
999982491
999982469
999982455
999982437
999982409
999982391
999982389
999982307
999982287
999982271
999982269
999982251
999982229
999982227
999982211
999982187
999982131
999982125
999982067
999982055
999982031
999982011
999981977
999981951
999981947
999981905
999981875
999981861
999981845
999981795
999981789
999981779
999981741
999981737
999981711
999981657
999981635
999981611
999981605
999981549
999981545
999981525
999981521
999981515
999981489
999981485
999981471
999981447
999981411
999981401
999981395
999981329
999981327
999981311
999981297
999981269
999981221
999981207
999981195
999981185
999981177
999981161
999981131
999981105
999981059
999981047
999981009
999980921
999980897
999980895
999980877
999980829
999980807
999980795
999980775
999980765
999980739
999980709
999980699
999980687
999980675
999980649
999980631
999980627
999980621
999980615
999980601
999980571
999980561
999980537
999980531
999980517
999980489
999980487
999980477
999980471
999980417
999980415
999980409
999980361
999980355
999980337
999980327
999980325
999980295
999980279
999980229
999980211
999980207
999980159
999980139
999980121
999980085
999980069
999980055
999980027
999980019
999980009
999979959
999979955
999979949
999979917
999979887
999979877
999979857
999979851
999979817
999979815
999979809
999979751
999979725
999979697
999979655
999979637
999979635
999979619
999979617
999979607
999979595
999979569
999979551
999979541
999979509
999979505
999979467
999979437
999979431
999979415
999979401
999979395
999979389
999979359
999979331
999979325
999979311
999979295
999979271
999979235
999979157
999979155
999979127
