819840
4973385511
41865825
617532796
2167090695
2247951826
1729866790
2396154151
16683976
1612694028
4331058985
441475755
3989879785
45339003
3800045431
199850028
533386791
3835084410
1558578196
1631547126
9131401
847669725
2224945278
27941550
201573081
443260425
1466463246
134799990
19503135
684259521
5440051
2158343551
4215226653
2094112686
965032278
2301980878
2657460156
254172331
638405778
1149481378
210319795
2091589503
1527414085
733004616
3136518003
1210393801
72510903
154519410
456095503
4189065
866091390
1718709135
2256408253
224433891
3239785
1398120760
3003551265
447887485
13579866
473319528
3194762145
1574811381
4125180696
3237992101
2059054878
322338745
41418651
486829206
2136258930
145087095
113303931
116746840
2439755731
86402085
276089751
1614966528
3167323845
479245320
304415475
4856987520
858533203
2075129253
71299711
1487278530
683889636
2562814621
2643699255
2185828021
491395575
4756684416
2800625061
2109413628
1784822131
2332615753
1473512041
22542255
1193625370
521887278
452658916
295937956
