19710700
61790312
10119015
284404902
17614611
285479953
10439423
54308999
594631735
219147213
100745429
781864554
14908413
34190513
271225034
655069237
198829887
48350737
535998158
56824311
812828
296979125
142572187
46656661
38970395
291697136
1194812
301337283
416141436
267069815
34200125
22091320
1512322
167519445
187689684
69318545
42819973
977006
2227164
15577366
179048917
66894258
10535028
141033938
374524879
34286593
1696640
517127267
194641634
7129068
28857792
25750982
284797389
55175728
527697556
32051179
130724226
84203428
12899630
33873797
141477407
22771738
271644341
67599159
1307774
97107939
294204114
4070191
54454363
125359
64385466
56969784
971300
5544042
24115416
3529720
193035655
38728224
581837038
148543393
30895052
6626170
1896334
8195348
38231584
93981755
119770423
512665324
99857717
293122479
179221517
6395461
144702540
4149955
66580468
344477162
314747707
203869093
121618479
327550007
