2505781268
5611586
486252421
829459713
103007663
249910695
453942981
207706748
3421790459
1150323985
594419103
796858671
64661210
420777671
3959524755
75625784
25977867
1242449802
41444641
66623818
1185717182
65208939
332869954
1349826894
1972632559
313293640
1242673178
340516029
1063037
3310756679
3379165291
1143304736
2835498280
138008175
1712756289
157566717
33986894
887168842
185119476
1931467240
1209425425
775853919
938664864
1863331399
39322495
202449574
119158656
769235970
351717569
144757561
134836177
277637765
20
33065295
156384700
837772184
791474239
91512836
480245507
1877914216
538420060
467522713
386121936
1259437623
1178203891
51887840
1269502602
2652269173
2517494572
2077609238
9487570
2202145761
652016781
92447734
3514630842
2626942909
1568411544
2852362049
735406440
3438758275
1125875798
2105555196
669820175
360730603
322502338
2411030695
4106846935
176027
1594158017
3121019539
1568301273
412789750
3610931253
1906837992
3036494491
66029558
3186209784
1044634602
7736811
747065425
