4026930555
4050608997
4333896590
270151471
4287567144
3873412818
4573670922
2167647167
1801868732
2584232975
4822925691
970529880
1594060640
3609610625
4030302342
3511356825
1982218710
3125043867
3252919545
217302435
3953287905
2633889825
3938841582
4411481961
3342577655
202699110
3631668700
2545934371
3918500131
962214435
4239118951
4319871682
4237505004
618039790
4607968950
791949945
2283183173
668811199
3141033255
4483236485
2007762417
3482771206
3924960858
4655640123
3086539465
3943840648
2692333930
3260314264
3594749731
563892186
2391063105
1561356628
4605156450
1695172775
2991890139
1079747389
1719713598
1757769693
2868989923
162936631
781790859
3933330071
3189358685
2724338009
4606831955
1466319536
2301160225
4161301150
3920708745
4211219729
74155439
4300853349
4256070419
4319974852
1438726639
3540296614
2440544996
4452988200
3671311874
1140732495
2323511697
3132094240
1963627415
2549470365
3657517398
4695854759
261349184
4320956241
4856347413
1282413564
943064823
1764719418
6064498
2273652000
245658172
2625504301
3861268298
3606994580
3971089725
4551073886
